# JRE version: OpenJDK Runtime Environment Temurin-17.0.9+9 (17.0.9+9) (build 17.0.9+9)
# Java VM: OpenJDK 64-Bit Server VM Temurin-17.0.9+9 (17.0.9+9, mixed mode, emulated-client, tiered, compressed oops, compressed class ptrs, g1 gc, windows-amd64)
GC Precious Log:
 CPUs: 8 total, 8 available
 Memory: 7914M
 Large Page Support: Disabled
 NUMA Support: Disabled
 Compressed Oops: Enabled (32-bit)
 Heap Region Size: 1M
 Heap Min Capacity: 8M
 Heap Initial Capacity: 124M
 Heap Max Capacity: 1980M
 Pre-touch: Disabled
 Parallel Workers: 8
 Concurrent Workers: 2
 Concurrent Refinement Workers: 8
 Periodic GC: Disabled
Heap:
 garbage-first heap   total 70656K, used 55696K [0x0000000084400000, 0x0000000100000000)
  region size 1024K, 25 young (25600K), 3 survivors (3072K)
 Metaspace       used 72695K, committed 73216K, reserved 1114112K
  class space    used 9884K, committed 10112K, reserved 1048576K
GC Heap History (20 events):
Event: 2.982 GC heap before
{Heap before GC invocations=8 (full 0):
 garbage-first heap   total 58368K, used 42216K [0x0000000084400000, 0x0000000100000000)
  region size 1024K, 26 young (26624K), 3 survivors (3072K)
 Metaspace       used 34623K, committed 35008K, reserved 1114112K
  class space    used 4406K, committed 4608K, reserved 1048576K
}
Event: 2.985 GC heap after
{Heap after GC invocations=9 (full 0):
 garbage-first heap   total 58368K, used 19998K [0x0000000084400000, 0x0000000100000000)
  region size 1024K, 3 young (3072K), 3 survivors (3072K)
 Metaspace       used 34623K, committed 35008K, reserved 1114112K
  class space    used 4406K, committed 4608K, reserved 1048576K
}
Event: 3.120 GC heap before
{Heap before GC invocations=9 (full 0):
 garbage-first heap   total 58368K, used 29214K [0x0000000084400000, 0x0000000100000000)
  region size 1024K, 13 young (13312K), 3 survivors (3072K)
 Metaspace       used 35866K, committed 36288K, reserved 1114112K
  class space    used 4597K, committed 4800K, reserved 1048576K
}
Event: 3.123 GC heap after
{Heap after GC invocations=10 (full 0):
 garbage-first heap   total 58368K, used 20932K [0x0000000084400000, 0x0000000100000000)
  region size 1024K, 3 young (3072K), 3 survivors (3072K)
 Metaspace       used 35866K, committed 36288K, reserved 1114112K
  class space    used 4597K, committed 4800K, reserved 1048576K
}
Event: 3.564 GC heap before
{Heap before GC invocations=11 (full 0):
 garbage-first heap   total 58368K, used 44484K [0x0000000084400000, 0x0000000100000000)
  region size 1024K, 25 young (25600K), 3 survivors (3072K)
 Metaspace       used 38707K, committed 39104K, reserved 1114112K
  class space    used 5016K, committed 5184K, reserved 1048576K
}
Event: 3.568 GC heap after
{Heap after GC invocations=12 (full 0):
 garbage-first heap   total 58368K, used 23891K [0x0000000084400000, 0x0000000100000000)
  region size 1024K, 3 young (3072K), 3 survivors (3072K)
 Metaspace       used 38707K, committed 39104K, reserved 1114112K
  class space    used 5016K, committed 5184K, reserved 1048576K
}
Event: 3.749 GC heap before
{Heap before GC invocations=12 (full 0):
 garbage-first heap   total 58368K, used 49491K [0x0000000084400000, 0x0000000100000000)
  region size 1024K, 24 young (24576K), 3 survivors (3072K)
 Metaspace       used 40464K, committed 40960K, reserved 1114112K
  class space    used 5197K, committed 5376K, reserved 1048576K
}
Event: 3.755 GC heap after
{Heap after GC invocations=13 (full 0):
 garbage-first heap   total 58368K, used 26023K [0x0000000084400000, 0x0000000100000000)
  region size 1024K, 3 young (3072K), 3 survivors (3072K)
 Metaspace       used 40464K, committed 40960K, reserved 1114112K
  class space    used 5197K, committed 5376K, reserved 1048576K
}
Event: 4.052 GC heap before
{Heap before GC invocations=13 (full 0):
 garbage-first heap   total 58368K, used 45479K [0x0000000084400000, 0x0000000100000000)
  region size 1024K, 21 young (21504K), 3 survivors (3072K)
 Metaspace       used 42920K, committed 43392K, reserved 1114112K
  class space    used 5545K, committed 5760K, reserved 1048576K
}
Event: 4.055 GC heap after
{Heap after GC invocations=14 (full 0):
 garbage-first heap   total 58368K, used 27367K [0x0000000084400000, 0x0000000100000000)
  region size 1024K, 2 young (2048K), 2 survivors (2048K)
 Metaspace       used 42920K, committed 43392K, reserved 1114112K
  class space    used 5545K, committed 5760K, reserved 1048576K
}
Event: 4.387 GC heap before
{Heap before GC invocations=14 (full 0):
 garbage-first heap   total 58368K, used 43751K [0x0000000084400000, 0x0000000100000000)
  region size 1024K, 19 young (19456K), 2 survivors (2048K)
 Metaspace       used 46933K, committed 47424K, reserved 1114112K
  class space    used 6209K, committed 6464K, reserved 1048576K
}
Event: 4.389 GC heap after
{Heap after GC invocations=15 (full 0):
 garbage-first heap   total 58368K, used 27851K [0x0000000084400000, 0x0000000100000000)
  region size 1024K, 2 young (2048K), 2 survivors (2048K)
 Metaspace       used 46933K, committed 47424K, reserved 1114112K
  class space    used 6209K, committed 6464K, reserved 1048576K
}
Event: 4.738 GC heap before
{Heap before GC invocations=16 (full 0):
 garbage-first heap   total 58368K, used 44235K [0x0000000084400000, 0x0000000100000000)
  region size 1024K, 19 young (19456K), 2 survivors (2048K)
 Metaspace       used 52281K, committed 52736K, reserved 1114112K
  class space    used 6897K, committed 7104K, reserved 1048576K
}
Event: 4.741 GC heap after
{Heap after GC invocations=17 (full 0):
 garbage-first heap   total 70656K, used 29700K [0x0000000084400000, 0x0000000100000000)
  region size 1024K, 3 young (3072K), 3 survivors (3072K)
 Metaspace       used 52281K, committed 52736K, reserved 1114112K
  class space    used 6897K, committed 7104K, reserved 1048576K
}
Event: 5.264 GC heap before
{Heap before GC invocations=17 (full 0):
 garbage-first heap   total 70656K, used 54276K [0x0000000084400000, 0x0000000100000000)
  region size 1024K, 28 young (28672K), 3 survivors (3072K)
 Metaspace       used 58554K, committed 59008K, reserved 1114112K
  class space    used 7764K, committed 8000K, reserved 1048576K
}
Event: 5.268 GC heap after
{Heap after GC invocations=18 (full 0):
 garbage-first heap   total 70656K, used 31135K [0x0000000084400000, 0x0000000100000000)
  region size 1024K, 3 young (3072K), 3 survivors (3072K)
 Metaspace       used 58554K, committed 59008K, reserved 1114112K
  class space    used 7764K, committed 8000K, reserved 1048576K
}
Event: 5.794 GC heap before
{Heap before GC invocations=18 (full 0):
 garbage-first heap   total 70656K, used 54687K [0x0000000084400000, 0x0000000100000000)
  region size 1024K, 27 young (27648K), 3 survivors (3072K)
 Metaspace       used 65239K, committed 65792K, reserved 1114112K
  class space    used 8859K, committed 9088K, reserved 1048576K
}
Event: 5.798 GC heap after
{Heap after GC invocations=19 (full 0):
 garbage-first heap   total 70656K, used 32376K [0x0000000084400000, 0x0000000100000000)
  region size 1024K, 3 young (3072K), 3 survivors (3072K)
 Metaspace       used 65239K, committed 65792K, reserved 1114112K
  class space    used 8859K, committed 9088K, reserved 1048576K
}
Event: 6.215 GC heap before
{Heap before GC invocations=19 (full 0):
 garbage-first heap   total 70656K, used 54904K [0x0000000084400000, 0x0000000100000000)
  region size 1024K, 26 young (26624K), 3 survivors (3072K)
 Metaspace       used 70047K, committed 70528K, reserved 1114112K
  class space    used 9509K, committed 9728K, reserved 1048576K
}
Event: 6.219 GC heap after
{Heap after GC invocations=20 (full 0):
 garbage-first heap   total 70656K, used 34192K [0x0000000084400000, 0x0000000100000000)
  region size 1024K, 3 young (3072K), 3 survivors (3072K)
 Metaspace       used 70047K, committed 70528K, reserved 1114112K
  class space    used 9509K, committed 9728K, reserved 1048576K
}

